{"/Users/nicolas.moreau/workspace/services/ui-boilerplate/src/ApiClient.js": {"path":"/Users/nicolas.moreau/workspace/services/ui-boilerplate/src/ApiClient.js","statementMap":{"0":{"start":{"line":5,"column":18},"end":{"line":13,"column":1}},"1":{"start":{"line":6,"column":25},"end":{"line":6,"column":60}},"2":{"start":{"line":8,"column":4},"end":{"line":10,"column":5}},"3":{"start":{"line":9,"column":8},"end":{"line":9,"column":84}},"4":{"start":{"line":12,"column":4},"end":{"line":12,"column":43}},"5":{"start":{"line":17,"column":8},"end":{"line":39,"column":10}},"6":{"start":{"line":19,"column":28},"end":{"line":23,"column":34}},"7":{"start":{"line":25,"column":12},"end":{"line":27,"column":13}},"8":{"start":{"line":26,"column":16},"end":{"line":26,"column":37}},"9":{"start":{"line":30,"column":12},"end":{"line":32,"column":13}},"10":{"start":{"line":31,"column":16},"end":{"line":31,"column":35}},"11":{"start":{"line":36,"column":12},"end":{"line":38,"column":15}},"12":{"start":{"line":37,"column":16},"end":{"line":37,"column":65}}},"fnMap":{"0":{"name":"(anonymous_0)","decl":{"start":{"line":5,"column":18},"end":{"line":5,"column":19}},"loc":{"start":{"line":5,"column":28},"end":{"line":13,"column":1}},"line":5},"1":{"name":"(anonymous_1)","decl":{"start":{"line":16,"column":18},"end":{"line":16,"column":19}},"loc":{"start":{"line":17,"column":8},"end":{"line":39,"column":10}},"line":17},"2":{"name":"(anonymous_2)","decl":{"start":{"line":17,"column":20},"end":{"line":17,"column":21}},"loc":{"start":{"line":17,"column":41},"end":{"line":39,"column":9}},"line":17},"3":{"name":"(anonymous_3)","decl":{"start":{"line":36,"column":24},"end":{"line":36,"column":25}},"loc":{"start":{"line":37,"column":16},"end":{"line":37,"column":65}},"line":37}},"branchMap":{"0":{"loc":{"start":{"line":6,"column":25},"end":{"line":6,"column":60}},"type":"cond-expr","locations":[{"start":{"line":6,"column":43},"end":{"line":6,"column":53}},{"start":{"line":6,"column":56},"end":{"line":6,"column":60}}],"line":6},"1":{"loc":{"start":{"line":8,"column":4},"end":{"line":10,"column":5}},"type":"if","locations":[{"start":{"line":8,"column":4},"end":{"line":10,"column":5}},{"start":{"line":8,"column":4},"end":{"line":10,"column":5}}],"line":8},"2":{"loc":{"start":{"line":9,"column":15},"end":{"line":9,"column":83}},"type":"cond-expr","locations":[{"start":{"line":9,"column":49},"end":{"line":9,"column":78}},{"start":{"line":9,"column":81},"end":{"line":9,"column":83}}],"line":9},"3":{"loc":{"start":{"line":16,"column":33},"end":{"line":16,"column":53}},"type":"default-arg","locations":[{"start":{"line":16,"column":51},"end":{"line":16,"column":53}}],"line":16},"4":{"loc":{"start":{"line":25,"column":12},"end":{"line":27,"column":13}},"type":"if","locations":[{"start":{"line":25,"column":12},"end":{"line":27,"column":13}},{"start":{"line":25,"column":12},"end":{"line":27,"column":13}}],"line":25},"5":{"loc":{"start":{"line":30,"column":12},"end":{"line":32,"column":13}},"type":"if","locations":[{"start":{"line":30,"column":12},"end":{"line":32,"column":13}},{"start":{"line":30,"column":12},"end":{"line":32,"column":13}}],"line":30},"6":{"loc":{"start":{"line":36,"column":30},"end":{"line":36,"column":38}},"type":"default-arg","locations":[{"start":{"line":36,"column":36},"end":{"line":36,"column":38}}],"line":36},"7":{"loc":{"start":{"line":37,"column":16},"end":{"line":37,"column":65}},"type":"cond-expr","locations":[{"start":{"line":37,"column":22},"end":{"line":37,"column":45}},{"start":{"line":37,"column":48},"end":{"line":37,"column":65}}],"line":37},"8":{"loc":{"start":{"line":37,"column":29},"end":{"line":37,"column":44}},"type":"binary-expr","locations":[{"start":{"line":37,"column":29},"end":{"line":37,"column":37}},{"start":{"line":37,"column":41},"end":{"line":37,"column":44}}],"line":37}},"s":{"0":3,"1":0,"2":0,"3":0,"4":0,"5":0,"6":0,"7":0,"8":0,"9":0,"10":0,"11":0,"12":0},"f":{"0":0,"1":0,"2":0,"3":0},"b":{"0":[0,0],"1":[0,0],"2":[0,0],"3":[0],"4":[0,0],"5":[0,0],"6":[0],"7":[0,0],"8":[0,0]},"_coverageSchema":"43e27e138ebf9cfc5966b082cf9a028302ed4184","hash":"c0935efa27bbd75dbc0ecfe254956eea7431ea59"}
,"/Users/nicolas.moreau/workspace/services/ui-boilerplate/src/App.jsx": {"path":"/Users/nicolas.moreau/workspace/services/ui-boilerplate/src/App.jsx","statementMap":{"0":{"start":{"line":24,"column":8},"end":{"line":24,"column":21}},"1":{"start":{"line":25,"column":8},"end":{"line":32,"column":10}},"2":{"start":{"line":33,"column":8},"end":{"line":33,"column":69}},"3":{"start":{"line":34,"column":8},"end":{"line":34,"column":63}},"4":{"start":{"line":38,"column":8},"end":{"line":38,"column":62}},"5":{"start":{"line":42,"column":8},"end":{"line":42,"column":62}},"6":{"start":{"line":46,"column":37},"end":{"line":46,"column":47}},"7":{"start":{"line":47,"column":23},"end":{"line":47,"column":38}},"8":{"start":{"line":48,"column":22},"end":{"line":48,"column":44}},"9":{"start":{"line":50,"column":10},"end":{"line":54,"column":14}},"10":{"start":{"line":55,"column":8},"end":{"line":95,"column":10}},"11":{"start":{"line":58,"column":51},"end":{"line":58,"column":72}},"12":{"start":{"line":79,"column":48},"end":{"line":86,"column":74}},"13":{"start":{"line":83,"column":56},"end":{"line":83,"column":86}},"14":{"start":{"line":99,"column":0},"end":{"line":101,"column":2}}},"fnMap":{"0":{"name":"(anonymous_0)","decl":{"start":{"line":23,"column":4},"end":{"line":23,"column":5}},"loc":{"start":{"line":23,"column":23},"end":{"line":35,"column":5}},"line":23},"1":{"name":"(anonymous_1)","decl":{"start":{"line":37,"column":4},"end":{"line":37,"column":5}},"loc":{"start":{"line":37,"column":25},"end":{"line":39,"column":5}},"line":37},"2":{"name":"(anonymous_2)","decl":{"start":{"line":41,"column":4},"end":{"line":41,"column":5}},"loc":{"start":{"line":41,"column":22},"end":{"line":43,"column":5}},"line":41},"3":{"name":"(anonymous_3)","decl":{"start":{"line":45,"column":4},"end":{"line":45,"column":5}},"loc":{"start":{"line":45,"column":13},"end":{"line":96,"column":5}},"line":45},"4":{"name":"(anonymous_4)","decl":{"start":{"line":58,"column":45},"end":{"line":58,"column":46}},"loc":{"start":{"line":58,"column":51},"end":{"line":58,"column":72}},"line":58},"5":{"name":"(anonymous_5)","decl":{"start":{"line":78,"column":61},"end":{"line":78,"column":62}},"loc":{"start":{"line":79,"column":48},"end":{"line":86,"column":74}},"line":79},"6":{"name":"(anonymous_6)","decl":{"start":{"line":81,"column":60},"end":{"line":81,"column":61}},"loc":{"start":{"line":83,"column":56},"end":{"line":83,"column":86}},"line":83}},"branchMap":{},"s":{"0":1,"1":1,"2":1,"3":1,"4":0,"5":0,"6":1,"7":1,"8":1,"9":1,"10":1,"11":0,"12":5,"13":1,"14":1},"f":{"0":1,"1":0,"2":0,"3":1,"4":0,"5":5,"6":1},"b":{},"_coverageSchema":"43e27e138ebf9cfc5966b082cf9a028302ed4184","hash":"2915a154644c4f26208a0b0fe529fef467983d5d"}
,"/Users/nicolas.moreau/workspace/services/ui-boilerplate/src/Home.jsx": {"path":"/Users/nicolas.moreau/workspace/services/ui-boilerplate/src/Home.jsx","statementMap":{"0":{"start":{"line":22,"column":13},"end":{"line":44,"column":1}},"1":{"start":{"line":23,"column":4},"end":{"line":43,"column":21}},"2":{"start":{"line":46,"column":0},"end":{"line":48,"column":2}}},"fnMap":{"0":{"name":"(anonymous_0)","decl":{"start":{"line":22,"column":13},"end":{"line":22,"column":14}},"loc":{"start":{"line":23,"column":4},"end":{"line":43,"column":21}},"line":23}},"branchMap":{},"s":{"0":1,"1":1,"2":1},"f":{"0":1},"b":{},"_coverageSchema":"43e27e138ebf9cfc5966b082cf9a028302ed4184","hash":"729e2df4ed7bada9c058074cc7a88f132db20b3d"}
,"/Users/nicolas.moreau/workspace/services/ui-boilerplate/src/NotFound.jsx": {"path":"/Users/nicolas.moreau/workspace/services/ui-boilerplate/src/NotFound.jsx","statementMap":{"0":{"start":{"line":4,"column":17},"end":{"line":9,"column":1}},"1":{"start":{"line":5,"column":4},"end":{"line":8,"column":10}}},"fnMap":{"0":{"name":"(anonymous_0)","decl":{"start":{"line":4,"column":17},"end":{"line":4,"column":18}},"loc":{"start":{"line":5,"column":4},"end":{"line":8,"column":10}},"line":5}},"branchMap":{},"s":{"0":2,"1":1},"f":{"0":1},"b":{},"_coverageSchema":"43e27e138ebf9cfc5966b082cf9a028302ed4184","hash":"7b24ab6c81a171913ccf8c4590680a3b11e956f2"}
,"/Users/nicolas.moreau/workspace/services/ui-boilerplate/src/configureStore.js": {"path":"/Users/nicolas.moreau/workspace/services/ui-boilerplate/src/configureStore.js","statementMap":{"0":{"start":{"line":7,"column":25},"end":{"line":7,"column":79}},"1":{"start":{"line":9,"column":23},"end":{"line":19,"column":1}},"2":{"start":{"line":10,"column":21},"end":{"line":13,"column":5}},"3":{"start":{"line":14,"column":4},"end":{"line":18,"column":6}}},"fnMap":{"0":{"name":"(anonymous_0)","decl":{"start":{"line":9,"column":23},"end":{"line":9,"column":24}},"loc":{"start":{"line":9,"column":51},"end":{"line":19,"column":1}},"line":9}},"branchMap":{"0":{"loc":{"start":{"line":7,"column":25},"end":{"line":7,"column":79}},"type":"binary-expr","locations":[{"start":{"line":7,"column":25},"end":{"line":7,"column":68}},{"start":{"line":7,"column":72},"end":{"line":7,"column":79}}],"line":7}},"s":{"0":2,"1":2,"2":2,"3":2},"f":{"0":2},"b":{"0":[2,2]},"_coverageSchema":"43e27e138ebf9cfc5966b082cf9a028302ed4184","hash":"ffb4e0f5f320db3b28c35948a61be9bc706cfebd"}
,"/Users/nicolas.moreau/workspace/services/ui-boilerplate/src/helpers.js": {"path":"/Users/nicolas.moreau/workspace/services/ui-boilerplate/src/helpers.js","statementMap":{"0":{"start":{"line":3,"column":4},"end":{"line":3,"column":71}}},"fnMap":{"0":{"name":"getApiUrl","decl":{"start":{"line":2,"column":24},"end":{"line":2,"column":33}},"loc":{"start":{"line":2,"column":36},"end":{"line":4,"column":1}},"line":2}},"branchMap":{"0":{"loc":{"start":{"line":3,"column":11},"end":{"line":3,"column":70}},"type":"cond-expr","locations":[{"start":{"line":3,"column":45},"end":{"line":3,"column":61}},{"start":{"line":3,"column":64},"end":{"line":3,"column":70}}],"line":3}},"s":{"0":1},"f":{"0":1},"b":{"0":[1,0]},"_coverageSchema":"43e27e138ebf9cfc5966b082cf9a028302ed4184","hash":"2d13f2e7bae400a9e7ba63e12cfbee1d7c6fb564"}
,"/Users/nicolas.moreau/workspace/services/ui-boilerplate/src/rootReducer.js": {"path":"/Users/nicolas.moreau/workspace/services/ui-boilerplate/src/rootReducer.js","statementMap":{},"fnMap":{},"branchMap":{},"s":{},"f":{},"b":{},"_coverageSchema":"43e27e138ebf9cfc5966b082cf9a028302ed4184","hash":"233ddf8c282742e4e5193d56a2985a8317117e2a"}
,"/Users/nicolas.moreau/workspace/services/ui-boilerplate/src/components/NotFound.jsx": {"path":"/Users/nicolas.moreau/workspace/services/ui-boilerplate/src/components/NotFound.jsx","statementMap":{"0":{"start":{"line":5,"column":4},"end":{"line":8,"column":10}}},"fnMap":{"0":{"name":"(anonymous_0)","decl":{"start":{"line":4,"column":15},"end":{"line":4,"column":16}},"loc":{"start":{"line":5,"column":4},"end":{"line":8,"column":10}},"line":5}},"branchMap":{},"s":{"0":0},"f":{"0":0},"b":{},"hash":"da0d56b09015c4a3624cd38e419d947b26747b4c"}
,"/Users/nicolas.moreau/workspace/services/ui-boilerplate/src/constants/common.js": {"path":"/Users/nicolas.moreau/workspace/services/ui-boilerplate/src/constants/common.js","statementMap":{"0":{"start":{"line":2,"column":32},"end":{"line":2,"column":44}}},"fnMap":{},"branchMap":{},"s":{"0":4},"f":{},"b":{},"_coverageSchema":"43e27e138ebf9cfc5966b082cf9a028302ed4184","hash":"a62bd01aa2392e70ddc028d4ded30db369d5867d"}
,"/Users/nicolas.moreau/workspace/services/ui-boilerplate/src/constants/routes.js": {"path":"/Users/nicolas.moreau/workspace/services/ui-boilerplate/src/constants/routes.js","statementMap":{"0":{"start":{"line":1,"column":31},"end":{"line":1,"column":38}},"1":{"start":{"line":2,"column":28},"end":{"line":2,"column":37}}},"fnMap":{},"branchMap":{},"s":{"0":0,"1":0},"f":{},"b":{},"hash":"f17d477afcb76bc7f9e10b4a02e6b9511fa5a669"}
,"/Users/nicolas.moreau/workspace/services/ui-boilerplate/src/constants/views.js": {"path":"/Users/nicolas.moreau/workspace/services/ui-boilerplate/src/constants/views.js","statementMap":{"0":{"start":{"line":1,"column":25},"end":{"line":1,"column":32}},"1":{"start":{"line":2,"column":25},"end":{"line":2,"column":32}},"2":{"start":{"line":3,"column":23},"end":{"line":3,"column":28}}},"fnMap":{},"branchMap":{},"s":{"0":0,"1":0,"2":0},"f":{},"b":{},"hash":"c55833a385c9aba31d3e4c94d6497c30159155ed"}
,"/Users/nicolas.moreau/workspace/services/ui-boilerplate/src/exampleComponents/FormRadioField.jsx": {"path":"/Users/nicolas.moreau/workspace/services/ui-boilerplate/src/exampleComponents/FormRadioField.jsx","statementMap":{"0":{"start":{"line":22,"column":8},"end":{"line":22,"column":21}},"1":{"start":{"line":23,"column":8},"end":{"line":25,"column":10}},"2":{"start":{"line":26,"column":8},"end":{"line":26,"column":69}},"3":{"start":{"line":30,"column":8},"end":{"line":30,"column":60}},"4":{"start":{"line":34,"column":44},"end":{"line":34,"column":54}},"5":{"start":{"line":36,"column":23},"end":{"line":40,"column":10}},"6":{"start":{"line":36,"column":30},"end":{"line":40,"column":9}},"7":{"start":{"line":42,"column":32},"end":{"line":49,"column":10}},"8":{"start":{"line":43,"column":12},"end":{"line":48,"column":14}},"9":{"start":{"line":51,"column":8},"end":{"line":56,"column":10}},"10":{"start":{"line":60,"column":0},"end":{"line":64,"column":2}}},"fnMap":{"0":{"name":"(anonymous_0)","decl":{"start":{"line":21,"column":4},"end":{"line":21,"column":5}},"loc":{"start":{"line":21,"column":23},"end":{"line":27,"column":5}},"line":21},"1":{"name":"(anonymous_1)","decl":{"start":{"line":29,"column":4},"end":{"line":29,"column":5}},"loc":{"start":{"line":29,"column":30},"end":{"line":31,"column":5}},"line":29},"2":{"name":"(anonymous_2)","decl":{"start":{"line":33,"column":4},"end":{"line":33,"column":5}},"loc":{"start":{"line":33,"column":13},"end":{"line":57,"column":5}},"line":33},"3":{"name":"(anonymous_3)","decl":{"start":{"line":36,"column":23},"end":{"line":36,"column":24}},"loc":{"start":{"line":36,"column":30},"end":{"line":40,"column":9}},"line":36},"4":{"name":"(anonymous_4)","decl":{"start":{"line":42,"column":44},"end":{"line":42,"column":45}},"loc":{"start":{"line":43,"column":12},"end":{"line":48,"column":14}},"line":43}},"branchMap":{},"s":{"0":0,"1":0,"2":0,"3":0,"4":0,"5":0,"6":0,"7":0,"8":0,"9":0,"10":1},"f":{"0":0,"1":0,"2":0,"3":0,"4":0},"b":{},"_coverageSchema":"43e27e138ebf9cfc5966b082cf9a028302ed4184","hash":"afe3a568239929971ea2bbe6f31c0cf311309afa"}
,"/Users/nicolas.moreau/workspace/services/ui-boilerplate/src/exampleComponents/FormSelectField.jsx": {"path":"/Users/nicolas.moreau/workspace/services/ui-boilerplate/src/exampleComponents/FormSelectField.jsx","statementMap":{"0":{"start":{"line":16,"column":8},"end":{"line":16,"column":21}},"1":{"start":{"line":17,"column":8},"end":{"line":19,"column":10}},"2":{"start":{"line":20,"column":8},"end":{"line":20,"column":69}},"3":{"start":{"line":24,"column":8},"end":{"line":24,"column":60}},"4":{"start":{"line":28,"column":44},"end":{"line":28,"column":54}},"5":{"start":{"line":30,"column":32},"end":{"line":33,"column":9}},"6":{"start":{"line":35,"column":32},"end":{"line":37,"column":9}},"7":{"start":{"line":39,"column":30},"end":{"line":41,"column":9}},"8":{"start":{"line":43,"column":33},"end":{"line":46,"column":9}},"9":{"start":{"line":48,"column":8},"end":{"line":68,"column":10}},"10":{"start":{"line":61,"column":28},"end":{"line":63,"column":39}},"11":{"start":{"line":72,"column":0},"end":{"line":76,"column":2}}},"fnMap":{"0":{"name":"(anonymous_0)","decl":{"start":{"line":15,"column":4},"end":{"line":15,"column":5}},"loc":{"start":{"line":15,"column":23},"end":{"line":21,"column":5}},"line":15},"1":{"name":"(anonymous_1)","decl":{"start":{"line":23,"column":4},"end":{"line":23,"column":5}},"loc":{"start":{"line":23,"column":30},"end":{"line":25,"column":5}},"line":23},"2":{"name":"(anonymous_2)","decl":{"start":{"line":27,"column":4},"end":{"line":27,"column":5}},"loc":{"start":{"line":27,"column":13},"end":{"line":69,"column":5}},"line":27},"3":{"name":"(anonymous_3)","decl":{"start":{"line":60,"column":36},"end":{"line":60,"column":37}},"loc":{"start":{"line":61,"column":28},"end":{"line":63,"column":39}},"line":61}},"branchMap":{},"s":{"0":0,"1":0,"2":0,"3":0,"4":0,"5":0,"6":0,"7":0,"8":0,"9":0,"10":0,"11":1},"f":{"0":0,"1":0,"2":0,"3":0},"b":{},"_coverageSchema":"43e27e138ebf9cfc5966b082cf9a028302ed4184","hash":"c47de41fde46bcd9cacbfaa1ce0e959551977448"}
,"/Users/nicolas.moreau/workspace/services/ui-boilerplate/src/exampleComponents/ListingTable.jsx": {"path":"/Users/nicolas.moreau/workspace/services/ui-boilerplate/src/exampleComponents/ListingTable.jsx","statementMap":{"0":{"start":{"line":26,"column":0},"end":{"line":28,"column":2}},"1":{"start":{"line":30,"column":34},"end":{"line":166,"column":1}},"2":{"start":{"line":31,"column":20},"end":{"line":34,"column":5}},"3":{"start":{"line":36,"column":29},"end":{"line":93,"column":5}},"4":{"start":{"line":51,"column":27},"end":{"line":51,"column":81}},"5":{"start":{"line":61,"column":27},"end":{"line":61,"column":53}},"6":{"start":{"line":65,"column":27},"end":{"line":65,"column":51}},"7":{"start":{"line":69,"column":26},"end":{"line":69,"column":46}},"8":{"start":{"line":73,"column":26},"end":{"line":73,"column":46}},"9":{"start":{"line":77,"column":26},"end":{"line":77,"column":54}},"10":{"start":{"line":81,"column":26},"end":{"line":81,"column":38}},"11":{"start":{"line":87,"column":16},"end":{"line":90,"column":22}},"12":{"start":{"line":95,"column":38},"end":{"line":102,"column":10}},"13":{"start":{"line":96,"column":8},"end":{"line":102,"column":10}},"14":{"start":{"line":97,"column":27},"end":{"line":97,"column":48}},"15":{"start":{"line":98,"column":12},"end":{"line":100,"column":13}},"16":{"start":{"line":99,"column":16},"end":{"line":99,"column":41}},"17":{"start":{"line":101,"column":12},"end":{"line":101,"column":27}},"18":{"start":{"line":104,"column":35},"end":{"line":106,"column":5}},"19":{"start":{"line":105,"column":8},"end":{"line":105,"column":37}},"20":{"start":{"line":108,"column":42},"end":{"line":110,"column":5}},"21":{"start":{"line":109,"column":15},"end":{"line":109,"column":42}},"22":{"start":{"line":112,"column":37},"end":{"line":119,"column":23}},"23":{"start":{"line":114,"column":12},"end":{"line":116,"column":13}},"24":{"start":{"line":115,"column":16},"end":{"line":115,"column":66}},"25":{"start":{"line":117,"column":12},"end":{"line":117,"column":25}},"26":{"start":{"line":119,"column":21},"end":{"line":119,"column":22}},"27":{"start":{"line":121,"column":34},"end":{"line":128,"column":23}},"28":{"start":{"line":123,"column":12},"end":{"line":125,"column":13}},"29":{"start":{"line":124,"column":16},"end":{"line":124,"column":51}},"30":{"start":{"line":126,"column":12},"end":{"line":126,"column":25}},"31":{"start":{"line":128,"column":21},"end":{"line":128,"column":22}},"32":{"start":{"line":130,"column":4},"end":{"line":165,"column":6}},"33":{"start":{"line":168,"column":0},"end":{"line":171,"column":2}}},"fnMap":{"0":{"name":"(anonymous_0)","decl":{"start":{"line":30,"column":34},"end":{"line":30,"column":35}},"loc":{"start":{"line":30,"column":45},"end":{"line":166,"column":1}},"line":30},"1":{"name":"(anonymous_1)","decl":{"start":{"line":51,"column":20},"end":{"line":51,"column":21}},"loc":{"start":{"line":51,"column":27},"end":{"line":51,"column":81}},"line":51},"2":{"name":"(anonymous_2)","decl":{"start":{"line":61,"column":20},"end":{"line":61,"column":21}},"loc":{"start":{"line":61,"column":27},"end":{"line":61,"column":53}},"line":61},"3":{"name":"(anonymous_3)","decl":{"start":{"line":65,"column":20},"end":{"line":65,"column":21}},"loc":{"start":{"line":65,"column":27},"end":{"line":65,"column":51}},"line":65},"4":{"name":"(anonymous_4)","decl":{"start":{"line":69,"column":20},"end":{"line":69,"column":21}},"loc":{"start":{"line":69,"column":26},"end":{"line":69,"column":46}},"line":69},"5":{"name":"(anonymous_5)","decl":{"start":{"line":73,"column":20},"end":{"line":73,"column":21}},"loc":{"start":{"line":73,"column":26},"end":{"line":73,"column":46}},"line":73},"6":{"name":"(anonymous_6)","decl":{"start":{"line":77,"column":20},"end":{"line":77,"column":21}},"loc":{"start":{"line":77,"column":26},"end":{"line":77,"column":54}},"line":77},"7":{"name":"(anonymous_7)","decl":{"start":{"line":81,"column":20},"end":{"line":81,"column":21}},"loc":{"start":{"line":81,"column":26},"end":{"line":81,"column":38}},"line":81},"8":{"name":"(anonymous_8)","decl":{"start":{"line":86,"column":20},"end":{"line":86,"column":21}},"loc":{"start":{"line":87,"column":16},"end":{"line":90,"column":22}},"line":87},"9":{"name":"(anonymous_9)","decl":{"start":{"line":95,"column":38},"end":{"line":95,"column":39}},"loc":{"start":{"line":96,"column":8},"end":{"line":102,"column":10}},"line":96},"10":{"name":"(anonymous_10)","decl":{"start":{"line":96,"column":42},"end":{"line":96,"column":43}},"loc":{"start":{"line":96,"column":51},"end":{"line":102,"column":9}},"line":96},"11":{"name":"(anonymous_11)","decl":{"start":{"line":104,"column":68},"end":{"line":104,"column":69}},"loc":{"start":{"line":105,"column":8},"end":{"line":105,"column":37}},"line":105},"12":{"name":"(anonymous_12)","decl":{"start":{"line":109,"column":8},"end":{"line":109,"column":9}},"loc":{"start":{"line":109,"column":15},"end":{"line":109,"column":42}},"line":109},"13":{"name":"(anonymous_13)","decl":{"start":{"line":113,"column":13},"end":{"line":113,"column":14}},"loc":{"start":{"line":113,"column":22},"end":{"line":118,"column":9}},"line":113},"14":{"name":"(anonymous_14)","decl":{"start":{"line":119,"column":16},"end":{"line":119,"column":17}},"loc":{"start":{"line":119,"column":21},"end":{"line":119,"column":22}},"line":119},"15":{"name":"(anonymous_15)","decl":{"start":{"line":122,"column":13},"end":{"line":122,"column":14}},"loc":{"start":{"line":122,"column":22},"end":{"line":127,"column":9}},"line":122},"16":{"name":"(anonymous_16)","decl":{"start":{"line":128,"column":16},"end":{"line":128,"column":17}},"loc":{"start":{"line":128,"column":21},"end":{"line":128,"column":22}},"line":128}},"branchMap":{"0":{"loc":{"start":{"line":51,"column":27},"end":{"line":51,"column":81}},"type":"cond-expr","locations":[{"start":{"line":51,"column":48},"end":{"line":51,"column":66}},{"start":{"line":51,"column":69},"end":{"line":51,"column":81}}],"line":51},"1":{"loc":{"start":{"line":61,"column":27},"end":{"line":61,"column":53}},"type":"cond-expr","locations":[{"start":{"line":61,"column":41},"end":{"line":61,"column":46}},{"start":{"line":61,"column":49},"end":{"line":61,"column":53}}],"line":61},"2":{"loc":{"start":{"line":65,"column":27},"end":{"line":65,"column":51}},"type":"cond-expr","locations":[{"start":{"line":65,"column":39},"end":{"line":65,"column":44}},{"start":{"line":65,"column":47},"end":{"line":65,"column":51}}],"line":65},"3":{"loc":{"start":{"line":98,"column":12},"end":{"line":100,"column":13}},"type":"if","locations":[{"start":{"line":98,"column":12},"end":{"line":100,"column":13}},{"start":{"line":98,"column":12},"end":{"line":100,"column":13}}],"line":98},"4":{"loc":{"start":{"line":114,"column":12},"end":{"line":116,"column":13}},"type":"if","locations":[{"start":{"line":114,"column":12},"end":{"line":116,"column":13}},{"start":{"line":114,"column":12},"end":{"line":116,"column":13}}],"line":114},"5":{"loc":{"start":{"line":123,"column":12},"end":{"line":125,"column":13}},"type":"if","locations":[{"start":{"line":123,"column":12},"end":{"line":125,"column":13}},{"start":{"line":123,"column":12},"end":{"line":125,"column":13}}],"line":123}},"s":{"0":1,"1":1,"2":0,"3":0,"4":0,"5":0,"6":0,"7":0,"8":0,"9":0,"10":0,"11":0,"12":0,"13":0,"14":0,"15":0,"16":0,"17":0,"18":0,"19":0,"20":0,"21":0,"22":0,"23":0,"24":0,"25":0,"26":0,"27":0,"28":0,"29":0,"30":0,"31":0,"32":0,"33":1},"f":{"0":0,"1":0,"2":0,"3":0,"4":0,"5":0,"6":0,"7":0,"8":0,"9":0,"10":0,"11":0,"12":0,"13":0,"14":0,"15":0,"16":0},"b":{"0":[0,0],"1":[0,0],"2":[0,0],"3":[0,0],"4":[0,0],"5":[0,0]},"_coverageSchema":"43e27e138ebf9cfc5966b082cf9a028302ed4184","hash":"2519713c72199359fd3b1ca1294aea3738078182"}
,"/Users/nicolas.moreau/workspace/services/ui-boilerplate/src/exampleComponents/SearchForm.jsx": {"path":"/Users/nicolas.moreau/workspace/services/ui-boilerplate/src/exampleComponents/SearchForm.jsx","statementMap":{"0":{"start":{"line":42,"column":12},"end":{"line":42,"column":22}},"1":{"start":{"line":44,"column":26},"end":{"line":46,"column":9}},"2":{"start":{"line":48,"column":8},"end":{"line":148,"column":10}},"3":{"start":{"line":152,"column":0},"end":{"line":165,"column":2}}},"fnMap":{"0":{"name":"(anonymous_0)","decl":{"start":{"line":28,"column":4},"end":{"line":28,"column":5}},"loc":{"start":{"line":28,"column":13},"end":{"line":149,"column":5}},"line":28}},"branchMap":{},"s":{"0":0,"1":0,"2":0,"3":1},"f":{"0":0},"b":{},"_coverageSchema":"43e27e138ebf9cfc5966b082cf9a028302ed4184","hash":"18cd48ad8034cb426a5e9bb69b34ab85a5fa4151"}
,"/Users/nicolas.moreau/workspace/services/ui-boilerplate/src/examplePayloadData/examplePayload.jsx": {"path":"/Users/nicolas.moreau/workspace/services/ui-boilerplate/src/examplePayloadData/examplePayload.jsx","statementMap":{"0":{"start":{"line":1,"column":33},"end":{"line":106,"column":1}},"1":{"start":{"line":108,"column":29},"end":{"line":112,"column":1}},"2":{"start":{"line":114,"column":29},"end":{"line":118,"column":1}},"3":{"start":{"line":120,"column":33},"end":{"line":131,"column":1}},"4":{"start":{"line":133,"column":31},"end":{"line":136,"column":1}},"5":{"start":{"line":138,"column":31},"end":{"line":141,"column":1}},"6":{"start":{"line":143,"column":28},"end":{"line":146,"column":1}},"7":{"start":{"line":148,"column":28},"end":{"line":151,"column":1}},"8":{"start":{"line":153,"column":28},"end":{"line":156,"column":1}},"9":{"start":{"line":158,"column":31},"end":{"line":162,"column":1}},"10":{"start":{"line":164,"column":27},"end":{"line":168,"column":1}},"11":{"start":{"line":170,"column":29},"end":{"line":174,"column":1}}},"fnMap":{},"branchMap":{},"s":{"0":1,"1":1,"2":1,"3":1,"4":1,"5":1,"6":1,"7":1,"8":1,"9":1,"10":1,"11":1},"f":{},"b":{},"_coverageSchema":"43e27e138ebf9cfc5966b082cf9a028302ed4184","hash":"813f84553c25c618a7667365e669e4bd560b49b3"}
,"/Users/nicolas.moreau/workspace/services/ui-boilerplate/src/exampleViews/GeneralView.jsx": {"path":"/Users/nicolas.moreau/workspace/services/ui-boilerplate/src/exampleViews/GeneralView.jsx","statementMap":{"0":{"start":{"line":41,"column":13},"end":{"line":45,"column":1}},"1":{"start":{"line":47,"column":16},"end":{"line":361,"column":1}},"2":{"start":{"line":48,"column":4},"end":{"line":360,"column":21}},"3":{"start":{"line":60,"column":59},"end":{"line":60,"column":77}},"4":{"start":{"line":185,"column":55},"end":{"line":185,"column":73}},"5":{"start":{"line":221,"column":59},"end":{"line":221,"column":77}},"6":{"start":{"line":244,"column":55},"end":{"line":244,"column":73}},"7":{"start":{"line":280,"column":59},"end":{"line":280,"column":77}},"8":{"start":{"line":303,"column":55},"end":{"line":303,"column":73}},"9":{"start":{"line":339,"column":59},"end":{"line":339,"column":77}},"10":{"start":{"line":363,"column":0},"end":{"line":365,"column":2}}},"fnMap":{"0":{"name":"(anonymous_0)","decl":{"start":{"line":47,"column":16},"end":{"line":47,"column":17}},"loc":{"start":{"line":48,"column":4},"end":{"line":360,"column":21}},"line":48},"1":{"name":"(anonymous_1)","decl":{"start":{"line":60,"column":54},"end":{"line":60,"column":55}},"loc":{"start":{"line":60,"column":59},"end":{"line":60,"column":77}},"line":60},"2":{"name":"(anonymous_2)","decl":{"start":{"line":185,"column":50},"end":{"line":185,"column":51}},"loc":{"start":{"line":185,"column":55},"end":{"line":185,"column":73}},"line":185},"3":{"name":"(anonymous_3)","decl":{"start":{"line":221,"column":54},"end":{"line":221,"column":55}},"loc":{"start":{"line":221,"column":59},"end":{"line":221,"column":77}},"line":221},"4":{"name":"(anonymous_4)","decl":{"start":{"line":244,"column":50},"end":{"line":244,"column":51}},"loc":{"start":{"line":244,"column":55},"end":{"line":244,"column":73}},"line":244},"5":{"name":"(anonymous_5)","decl":{"start":{"line":280,"column":54},"end":{"line":280,"column":55}},"loc":{"start":{"line":280,"column":59},"end":{"line":280,"column":77}},"line":280},"6":{"name":"(anonymous_6)","decl":{"start":{"line":303,"column":50},"end":{"line":303,"column":51}},"loc":{"start":{"line":303,"column":55},"end":{"line":303,"column":73}},"line":303},"7":{"name":"(anonymous_7)","decl":{"start":{"line":339,"column":54},"end":{"line":339,"column":55}},"loc":{"start":{"line":339,"column":59},"end":{"line":339,"column":77}},"line":339}},"branchMap":{},"s":{"0":1,"1":1,"2":0,"3":0,"4":0,"5":0,"6":0,"7":0,"8":0,"9":0,"10":1},"f":{"0":0,"1":0,"2":0,"3":0,"4":0,"5":0,"6":0,"7":0},"b":{},"_coverageSchema":"43e27e138ebf9cfc5966b082cf9a028302ed4184","hash":"f14f3668e4ee46a264fa734cd9173d4b87207ce8"}
,"/Users/nicolas.moreau/workspace/services/ui-boilerplate/src/exampleViews/ListingView.jsx": {"path":"/Users/nicolas.moreau/workspace/services/ui-boilerplate/src/exampleViews/ListingView.jsx","statementMap":{"0":{"start":{"line":18,"column":20},"end":{"line":43,"column":1}},"1":{"start":{"line":19,"column":4},"end":{"line":42,"column":21}},"2":{"start":{"line":45,"column":0},"end":{"line":47,"column":2}}},"fnMap":{"0":{"name":"(anonymous_0)","decl":{"start":{"line":18,"column":20},"end":{"line":18,"column":21}},"loc":{"start":{"line":19,"column":4},"end":{"line":42,"column":21}},"line":19}},"branchMap":{},"s":{"0":1,"1":0,"2":1},"f":{"0":0},"b":{},"_coverageSchema":"43e27e138ebf9cfc5966b082cf9a028302ed4184","hash":"609350e7d9cd863550edac33dc970fe9d7219871"}
,"/Users/nicolas.moreau/workspace/services/ui-boilerplate/src/exampleViews/TableView.jsx": {"path":"/Users/nicolas.moreau/workspace/services/ui-boilerplate/src/exampleViews/TableView.jsx","statementMap":{"0":{"start":{"line":15,"column":14},"end":{"line":27,"column":1}},"1":{"start":{"line":29,"column":18},"end":{"line":224,"column":1}},"2":{"start":{"line":30,"column":4},"end":{"line":223,"column":21}},"3":{"start":{"line":226,"column":0},"end":{"line":228,"column":2}}},"fnMap":{"0":{"name":"(anonymous_0)","decl":{"start":{"line":29,"column":18},"end":{"line":29,"column":19}},"loc":{"start":{"line":30,"column":4},"end":{"line":223,"column":21}},"line":30}},"branchMap":{},"s":{"0":1,"1":1,"2":0,"3":1},"f":{"0":0},"b":{},"_coverageSchema":"43e27e138ebf9cfc5966b082cf9a028302ed4184","hash":"79f980450bfe15901c8098a14b0394366b0953a0"}
,"/Users/nicolas.moreau/workspace/services/ui-boilerplate/src/middleware/clientMiddleware.js": {"path":"/Users/nicolas.moreau/workspace/services/ui-boilerplate/src/middleware/clientMiddleware.js","statementMap":{"0":{"start":{"line":7,"column":4},"end":{"line":47,"column":10}},"1":{"start":{"line":8,"column":8},"end":{"line":47,"column":9}},"2":{"start":{"line":8,"column":16},"end":{"line":47,"column":9}},"3":{"start":{"line":9,"column":12},"end":{"line":11,"column":13}},"4":{"start":{"line":10,"column":16},"end":{"line":10,"column":50}},"5":{"start":{"line":13,"column":48},"end":{"line":13,"column":54}},"6":{"start":{"line":14,"column":12},"end":{"line":16,"column":13}},"7":{"start":{"line":15,"column":16},"end":{"line":15,"column":36}},"8":{"start":{"line":18,"column":48},"end":{"line":18,"column":53}},"9":{"start":{"line":19,"column":12},"end":{"line":19,"column":45}},"10":{"start":{"line":21,"column":12},"end":{"line":46,"column":18}},"11":{"start":{"line":23,"column":30},"end":{"line":23,"column":70}},"12":{"start":{"line":26,"column":24},"end":{"line":35,"column":25}},"13":{"start":{"line":29,"column":28},"end":{"line":33,"column":31}},"14":{"start":{"line":34,"column":28},"end":{"line":34,"column":35}},"15":{"start":{"line":40,"column":24},"end":{"line":40,"column":71}},"16":{"start":{"line":45,"column":20},"end":{"line":45,"column":59}}},"fnMap":{"0":{"name":"clientMiddleware","decl":{"start":{"line":6,"column":24},"end":{"line":6,"column":40}},"loc":{"start":{"line":6,"column":49},"end":{"line":48,"column":1}},"line":6},"1":{"name":"(anonymous_1)","decl":{"start":{"line":7,"column":11},"end":{"line":7,"column":12}},"loc":{"start":{"line":8,"column":8},"end":{"line":47,"column":9}},"line":8},"2":{"name":"(anonymous_2)","decl":{"start":{"line":8,"column":8},"end":{"line":8,"column":9}},"loc":{"start":{"line":8,"column":16},"end":{"line":47,"column":9}},"line":8},"3":{"name":"(anonymous_3)","decl":{"start":{"line":8,"column":16},"end":{"line":8,"column":17}},"loc":{"start":{"line":8,"column":26},"end":{"line":47,"column":9}},"line":8},"4":{"name":"(anonymous_4)","decl":{"start":{"line":23,"column":20},"end":{"line":23,"column":21}},"loc":{"start":{"line":23,"column":30},"end":{"line":23,"column":70}},"line":23},"5":{"name":"(anonymous_5)","decl":{"start":{"line":24,"column":20},"end":{"line":24,"column":21}},"loc":{"start":{"line":24,"column":37},"end":{"line":41,"column":21}},"line":24},"6":{"name":"(anonymous_6)","decl":{"start":{"line":43,"column":23},"end":{"line":43,"column":24}},"loc":{"start":{"line":45,"column":20},"end":{"line":45,"column":59}},"line":45}},"branchMap":{"0":{"loc":{"start":{"line":9,"column":12},"end":{"line":11,"column":13}},"type":"if","locations":[{"start":{"line":9,"column":12},"end":{"line":11,"column":13}},{"start":{"line":9,"column":12},"end":{"line":11,"column":13}}],"line":9},"1":{"loc":{"start":{"line":14,"column":12},"end":{"line":16,"column":13}},"type":"if","locations":[{"start":{"line":14,"column":12},"end":{"line":16,"column":13}},{"start":{"line":14,"column":12},"end":{"line":16,"column":13}}],"line":14},"2":{"loc":{"start":{"line":26,"column":24},"end":{"line":35,"column":25}},"type":"if","locations":[{"start":{"line":26,"column":24},"end":{"line":35,"column":25}},{"start":{"line":26,"column":24},"end":{"line":35,"column":25}}],"line":26}},"s":{"0":5,"1":6,"2":6,"3":0,"4":0,"5":0,"6":0,"7":0,"8":0,"9":0,"10":0,"11":0,"12":0,"13":0,"14":0,"15":0,"16":0},"f":{"0":5,"1":6,"2":6,"3":0,"4":0,"5":0,"6":0},"b":{"0":[0,0],"1":[0,0],"2":[0,0]},"_coverageSchema":"43e27e138ebf9cfc5966b082cf9a028302ed4184","hash":"1eeb03b067550a91128632ffb31b23905aabb549"}
,"/Users/nicolas.moreau/workspace/services/ui-boilerplate/src/routes/constants.js": {"path":"/Users/nicolas.moreau/workspace/services/ui-boilerplate/src/routes/constants.js","statementMap":{"0":{"start":{"line":1,"column":26},"end":{"line":1,"column":29}},"1":{"start":{"line":2,"column":30},"end":{"line":2,"column":41}},"2":{"start":{"line":3,"column":28},"end":{"line":3,"column":37}},"3":{"start":{"line":4,"column":29},"end":{"line":4,"column":39}}},"fnMap":{},"branchMap":{},"s":{"0":1,"1":1,"2":1,"3":1},"f":{},"b":{},"_coverageSchema":"43e27e138ebf9cfc5966b082cf9a028302ed4184","hash":"08bf68d1c367ad3085d88d41929eb26427d11b12"}
,"/Users/nicolas.moreau/workspace/services/ui-boilerplate/src/routes/index.js": {"path":"/Users/nicolas.moreau/workspace/services/ui-boilerplate/src/routes/index.js","statementMap":{"0":{"start":{"line":12,"column":25},"end":{"line":18,"column":1}},"1":{"start":{"line":20,"column":35},"end":{"line":26,"column":1}},"2":{"start":{"line":28,"column":33},"end":{"line":34,"column":1}},"3":{"start":{"line":36,"column":32},"end":{"line":39,"column":1}},"4":{"start":{"line":41,"column":28},"end":{"line":47,"column":1}}},"fnMap":{},"branchMap":{},"s":{"0":1,"1":1,"2":1,"3":1,"4":1},"f":{},"b":{},"_coverageSchema":"43e27e138ebf9cfc5966b082cf9a028302ed4184","hash":"c988b2ca6b227e0da6a6ed31b340aab8b15be46b"}
,"/Users/nicolas.moreau/workspace/services/ui-boilerplate/src/routes/sidebar.js": {"path":"/Users/nicolas.moreau/workspace/services/ui-boilerplate/src/routes/sidebar.js","statementMap":{},"fnMap":{},"branchMap":{},"s":{},"f":{},"b":{},"_coverageSchema":"43e27e138ebf9cfc5966b082cf9a028302ed4184","hash":"50e45a62e6e2eb9da9af63a35929edb3b27dda43"}
,"/Users/nicolas.moreau/workspace/services/ui-boilerplate/src/user/duck/actions.js": {"path":"/Users/nicolas.moreau/workspace/services/ui-boilerplate/src/user/duck/actions.js","statementMap":{"0":{"start":{"line":23,"column":28},"end":{"line":28,"column":1}},"1":{"start":{"line":24,"column":4},"end":{"line":27,"column":5}},"2":{"start":{"line":30,"column":22},"end":{"line":35,"column":1}},"3":{"start":{"line":31,"column":4},"end":{"line":34,"column":5}},"4":{"start":{"line":37,"column":18},"end":{"line":42,"column":1}},"5":{"start":{"line":38,"column":4},"end":{"line":41,"column":5}},"6":{"start":{"line":40,"column":27},"end":{"line":40,"column":82}}},"fnMap":{"0":{"name":"(anonymous_0)","decl":{"start":{"line":23,"column":28},"end":{"line":23,"column":29}},"loc":{"start":{"line":24,"column":4},"end":{"line":27,"column":5}},"line":24},"1":{"name":"(anonymous_1)","decl":{"start":{"line":30,"column":22},"end":{"line":30,"column":23}},"loc":{"start":{"line":31,"column":4},"end":{"line":34,"column":5}},"line":31},"2":{"name":"(anonymous_2)","decl":{"start":{"line":37,"column":18},"end":{"line":37,"column":19}},"loc":{"start":{"line":38,"column":4},"end":{"line":41,"column":5}},"line":38},"3":{"name":"(anonymous_3)","decl":{"start":{"line":40,"column":17},"end":{"line":40,"column":18}},"loc":{"start":{"line":40,"column":27},"end":{"line":40,"column":82}},"line":40}},"branchMap":{},"s":{"0":4,"1":1,"2":4,"3":1,"4":4,"5":0,"6":0},"f":{"0":1,"1":1,"2":0,"3":0},"b":{},"_coverageSchema":"43e27e138ebf9cfc5966b082cf9a028302ed4184","hash":"d67dea44fd35e48d511633eafd684f77fe04a31f"}
,"/Users/nicolas.moreau/workspace/services/ui-boilerplate/src/user/duck/index.js": {"path":"/Users/nicolas.moreau/workspace/services/ui-boilerplate/src/user/duck/index.js","statementMap":{},"fnMap":{},"branchMap":{},"s":{},"f":{},"b":{},"_coverageSchema":"43e27e138ebf9cfc5966b082cf9a028302ed4184","hash":"21be9b60854dc8a2b6f99667fd6dee652b8d7ec6"}
,"/Users/nicolas.moreau/workspace/services/ui-boilerplate/src/user/duck/operations.js": {"path":"/Users/nicolas.moreau/workspace/services/ui-boilerplate/src/user/duck/operations.js","statementMap":{"0":{"start":{"line":7,"column":25},"end":{"line":7,"column":37}},"1":{"start":{"line":10,"column":21},"end":{"line":25,"column":2}},"2":{"start":{"line":10,"column":33},"end":{"line":25,"column":2}},"3":{"start":{"line":11,"column":4},"end":{"line":23,"column":7}},"4":{"start":{"line":12,"column":8},"end":{"line":20,"column":9}},"5":{"start":{"line":19,"column":12},"end":{"line":19,"column":51}},"6":{"start":{"line":22,"column":8},"end":{"line":22,"column":29}},"7":{"start":{"line":24,"column":4},"end":{"line":24,"column":16}},"8":{"start":{"line":27,"column":15},"end":{"line":28,"column":58}},"9":{"start":{"line":28,"column":4},"end":{"line":28,"column":58}},"10":{"start":{"line":28,"column":27},"end":{"line":28,"column":57}},"11":{"start":{"line":28,"column":47},"end":{"line":28,"column":56}}},"fnMap":{"0":{"name":"(anonymous_0)","decl":{"start":{"line":10,"column":21},"end":{"line":10,"column":22}},"loc":{"start":{"line":10,"column":33},"end":{"line":25,"column":2}},"line":10},"1":{"name":"(anonymous_1)","decl":{"start":{"line":10,"column":45},"end":{"line":10,"column":46}},"loc":{"start":{"line":10,"column":66},"end":{"line":25,"column":1}},"line":10},"2":{"name":"(anonymous_2)","decl":{"start":{"line":11,"column":42},"end":{"line":11,"column":43}},"loc":{"start":{"line":11,"column":57},"end":{"line":23,"column":5}},"line":11},"3":{"name":"(anonymous_3)","decl":{"start":{"line":27,"column":15},"end":{"line":27,"column":16}},"loc":{"start":{"line":28,"column":4},"end":{"line":28,"column":58}},"line":28},"4":{"name":"(anonymous_4)","decl":{"start":{"line":28,"column":16},"end":{"line":28,"column":17}},"loc":{"start":{"line":28,"column":27},"end":{"line":28,"column":57}},"line":28},"5":{"name":"(anonymous_5)","decl":{"start":{"line":28,"column":41},"end":{"line":28,"column":42}},"loc":{"start":{"line":28,"column":47},"end":{"line":28,"column":56}},"line":28}},"branchMap":{"0":{"loc":{"start":{"line":12,"column":8},"end":{"line":20,"column":9}},"type":"if","locations":[{"start":{"line":12,"column":8},"end":{"line":20,"column":9}},{"start":{"line":12,"column":8},"end":{"line":20,"column":9}}],"line":12}},"s":{"0":4,"1":4,"2":2,"3":2,"4":2,"5":0,"6":1,"7":2,"8":4,"9":1,"10":1,"11":0},"f":{"0":2,"1":2,"2":2,"3":1,"4":1,"5":0},"b":{"0":[1,1]},"_coverageSchema":"43e27e138ebf9cfc5966b082cf9a028302ed4184","hash":"920b89b8bfbbf1dc2c4767e939eeca036ab4d66d"}
,"/Users/nicolas.moreau/workspace/services/ui-boilerplate/src/user/duck/reducers.js": {"path":"/Users/nicolas.moreau/workspace/services/ui-boilerplate/src/user/duck/reducers.js","statementMap":{"0":{"start":{"line":7,"column":21},"end":{"line":7,"column":23}},"1":{"start":{"line":9,"column":20},"end":{"line":26,"column":1}},"2":{"start":{"line":10,"column":4},"end":{"line":25,"column":5}},"3":{"start":{"line":12,"column":12},"end":{"line":15,"column":14}},"4":{"start":{"line":17,"column":12},"end":{"line":20,"column":14}},"5":{"start":{"line":22,"column":12},"end":{"line":22,"column":32}},"6":{"start":{"line":24,"column":12},"end":{"line":24,"column":25}}},"fnMap":{"0":{"name":"(anonymous_0)","decl":{"start":{"line":9,"column":20},"end":{"line":9,"column":21}},"loc":{"start":{"line":9,"column":54},"end":{"line":26,"column":1}},"line":9}},"branchMap":{"0":{"loc":{"start":{"line":9,"column":21},"end":{"line":9,"column":41}},"type":"default-arg","locations":[{"start":{"line":9,"column":29},"end":{"line":9,"column":41}}],"line":9},"1":{"loc":{"start":{"line":10,"column":4},"end":{"line":25,"column":5}},"type":"switch","locations":[{"start":{"line":11,"column":8},"end":{"line":15,"column":14}},{"start":{"line":16,"column":8},"end":{"line":20,"column":14}},{"start":{"line":21,"column":8},"end":{"line":22,"column":32}},{"start":{"line":23,"column":8},"end":{"line":24,"column":25}}],"line":10}},"s":{"0":2,"1":2,"2":6,"3":0,"4":0,"5":0,"6":6},"f":{"0":6},"b":{"0":[6],"1":[0,0,0,6]},"_coverageSchema":"43e27e138ebf9cfc5966b082cf9a028302ed4184","hash":"e3ab2a798a96b56997cf0435fdfab8b07b2aaa68"}
,"/Users/nicolas.moreau/workspace/services/ui-boilerplate/src/user/duck/types.js": {"path":"/Users/nicolas.moreau/workspace/services/ui-boilerplate/src/user/duck/types.js","statementMap":{"0":{"start":{"line":2,"column":30},"end":{"line":2,"column":51}},"1":{"start":{"line":3,"column":30},"end":{"line":3,"column":51}},"2":{"start":{"line":4,"column":29},"end":{"line":4,"column":49}},"3":{"start":{"line":6,"column":29},"end":{"line":6,"column":49}},"4":{"start":{"line":7,"column":29},"end":{"line":7,"column":49}},"5":{"start":{"line":8,"column":28},"end":{"line":8,"column":47}},"6":{"start":{"line":10,"column":28},"end":{"line":10,"column":47}},"7":{"start":{"line":11,"column":28},"end":{"line":11,"column":47}},"8":{"start":{"line":12,"column":27},"end":{"line":12,"column":45}}},"fnMap":{},"branchMap":{},"s":{"0":4,"1":4,"2":4,"3":4,"4":4,"5":4,"6":4,"7":4,"8":4},"f":{},"b":{},"_coverageSchema":"43e27e138ebf9cfc5966b082cf9a028302ed4184","hash":"76b4137495bcde3b31c779aed56ef056690b4e26"}
}
