TN:
SF:/Users/nicolas.moreau/workspace/services/ui-boilerplate/src/ApiClient.js
FN:5,(anonymous_0)
FN:16,(anonymous_1)
FN:17,(anonymous_2)
FN:36,(anonymous_3)
FNF:4
FNH:4
FNDA:1,(anonymous_0)
FNDA:1,(anonymous_1)
FNDA:1,(anonymous_2)
FNDA:1,(anonymous_3)
DA:5,2
DA:6,1
DA:8,1
DA:9,1
DA:12,0
DA:17,1
DA:19,1
DA:25,1
DA:26,0
DA:30,1
DA:31,0
DA:36,1
DA:37,1
LF:13
LH:10
BRDA:6,0,0,0
BRDA:6,0,1,1
BRDA:8,1,0,1
BRDA:8,1,1,0
BRDA:9,2,0,1
BRDA:9,2,1,0
BRDA:16,3,0,1
BRDA:25,4,0,0
BRDA:25,4,1,1
BRDA:30,5,0,0
BRDA:30,5,1,1
BRDA:36,6,0,1
BRDA:37,7,0,1
BRDA:37,7,1,0
BRDA:37,8,0,1
BRDA:37,8,1,1
BRF:16
BRH:10
end_of_record
TN:
SF:/Users/nicolas.moreau/workspace/services/ui-boilerplate/src/App.jsx
FN:23,(anonymous_0)
FN:37,(anonymous_1)
FN:41,(anonymous_2)
FN:45,(anonymous_3)
FN:58,(anonymous_4)
FN:78,(anonymous_5)
FN:81,(anonymous_6)
FNF:7
FNH:0
FNDA:0,(anonymous_0)
FNDA:0,(anonymous_1)
FNDA:0,(anonymous_2)
FNDA:0,(anonymous_3)
FNDA:0,(anonymous_4)
FNDA:0,(anonymous_5)
FNDA:0,(anonymous_6)
DA:24,0
DA:25,0
DA:33,0
DA:34,0
DA:38,0
DA:42,0
DA:46,0
DA:47,0
DA:48,0
DA:50,0
DA:55,0
DA:58,0
DA:79,0
DA:83,0
DA:99,0
LF:15
LH:0
BRF:0
BRH:0
end_of_record
TN:
SF:/Users/nicolas.moreau/workspace/services/ui-boilerplate/src/Home.jsx
FN:22,(anonymous_0)
FNF:1
FNH:0
FNDA:0,(anonymous_0)
DA:22,0
DA:23,0
DA:46,0
LF:3
LH:0
BRF:0
BRH:0
end_of_record
TN:
SF:/Users/nicolas.moreau/workspace/services/ui-boilerplate/src/NotFound.jsx
FN:4,(anonymous_0)
FNF:1
FNH:1
FNDA:1,(anonymous_0)
DA:4,1
DA:5,1
LF:2
LH:2
BRF:0
BRH:0
end_of_record
TN:
SF:/Users/nicolas.moreau/workspace/services/ui-boilerplate/src/configureStore.js
FN:9,(anonymous_0)
FNF:1
FNH:1
FNDA:1,(anonymous_0)
DA:7,1
DA:9,1
DA:10,1
DA:14,1
LF:4
LH:4
BRDA:7,0,0,1
BRDA:7,0,1,1
BRF:2
BRH:2
end_of_record
TN:
SF:/Users/nicolas.moreau/workspace/services/ui-boilerplate/src/helpers.js
FN:2,getApiUrl
FNF:1
FNH:1
FNDA:1,getApiUrl
DA:3,1
LF:1
LH:1
BRDA:3,0,0,1
BRDA:3,0,1,0
BRF:2
BRH:1
end_of_record
TN:
SF:/Users/nicolas.moreau/workspace/services/ui-boilerplate/src/rootReducer.js
FNF:0
FNH:0
LF:0
LH:0
BRF:0
BRH:0
end_of_record
TN:
SF:/Users/nicolas.moreau/workspace/services/ui-boilerplate/src/components/NotFound.jsx
FN:4,(anonymous_0)
FNF:1
FNH:0
FNDA:0,(anonymous_0)
DA:5,0
LF:1
LH:0
BRF:0
BRH:0
end_of_record
TN:
SF:/Users/nicolas.moreau/workspace/services/ui-boilerplate/src/constants/common.js
FNF:0
FNH:0
DA:2,3
LF:1
LH:1
BRF:0
BRH:0
end_of_record
TN:
SF:/Users/nicolas.moreau/workspace/services/ui-boilerplate/src/constants/routes.js
FNF:0
FNH:0
DA:1,0
DA:2,0
LF:2
LH:0
BRF:0
BRH:0
end_of_record
TN:
SF:/Users/nicolas.moreau/workspace/services/ui-boilerplate/src/constants/views.js
FNF:0
FNH:0
DA:1,0
DA:2,0
DA:3,0
LF:3
LH:0
BRF:0
BRH:0
end_of_record
TN:
SF:/Users/nicolas.moreau/workspace/services/ui-boilerplate/src/exampleComponents/FormRadioField.jsx
FN:21,(anonymous_0)
FN:29,(anonymous_1)
FN:33,(anonymous_2)
FN:36,(anonymous_3)
FN:42,(anonymous_4)
FNF:5
FNH:0
FNDA:0,(anonymous_0)
FNDA:0,(anonymous_1)
FNDA:0,(anonymous_2)
FNDA:0,(anonymous_3)
FNDA:0,(anonymous_4)
DA:22,0
DA:23,0
DA:26,0
DA:30,0
DA:34,0
DA:36,0
DA:42,0
DA:43,0
DA:51,0
DA:60,0
LF:10
LH:0
BRF:0
BRH:0
end_of_record
TN:
SF:/Users/nicolas.moreau/workspace/services/ui-boilerplate/src/exampleComponents/FormSelectField.jsx
FN:15,(anonymous_0)
FN:23,(anonymous_1)
FN:27,(anonymous_2)
FN:60,(anonymous_3)
FNF:4
FNH:0
FNDA:0,(anonymous_0)
FNDA:0,(anonymous_1)
FNDA:0,(anonymous_2)
FNDA:0,(anonymous_3)
DA:16,0
DA:17,0
DA:20,0
DA:24,0
DA:28,0
DA:30,0
DA:35,0
DA:39,0
DA:43,0
DA:48,0
DA:61,0
DA:72,0
LF:12
LH:0
BRF:0
BRH:0
end_of_record
TN:
SF:/Users/nicolas.moreau/workspace/services/ui-boilerplate/src/exampleComponents/ListingTable.jsx
FN:30,(anonymous_0)
FN:51,(anonymous_1)
FN:61,(anonymous_2)
FN:65,(anonymous_3)
FN:69,(anonymous_4)
FN:73,(anonymous_5)
FN:77,(anonymous_6)
FN:81,(anonymous_7)
FN:86,(anonymous_8)
FN:95,(anonymous_9)
FN:96,(anonymous_10)
FN:104,(anonymous_11)
FN:109,(anonymous_12)
FN:113,(anonymous_13)
FN:119,(anonymous_14)
FN:122,(anonymous_15)
FN:128,(anonymous_16)
FNF:17
FNH:0
FNDA:0,(anonymous_0)
FNDA:0,(anonymous_1)
FNDA:0,(anonymous_2)
FNDA:0,(anonymous_3)
FNDA:0,(anonymous_4)
FNDA:0,(anonymous_5)
FNDA:0,(anonymous_6)
FNDA:0,(anonymous_7)
FNDA:0,(anonymous_8)
FNDA:0,(anonymous_9)
FNDA:0,(anonymous_10)
FNDA:0,(anonymous_11)
FNDA:0,(anonymous_12)
FNDA:0,(anonymous_13)
FNDA:0,(anonymous_14)
FNDA:0,(anonymous_15)
FNDA:0,(anonymous_16)
DA:26,0
DA:30,0
DA:31,0
DA:36,0
DA:51,0
DA:61,0
DA:65,0
DA:69,0
DA:73,0
DA:77,0
DA:81,0
DA:87,0
DA:95,0
DA:96,0
DA:97,0
DA:98,0
DA:99,0
DA:101,0
DA:104,0
DA:105,0
DA:108,0
DA:109,0
DA:112,0
DA:114,0
DA:115,0
DA:117,0
DA:119,0
DA:121,0
DA:123,0
DA:124,0
DA:126,0
DA:128,0
DA:130,0
DA:168,0
LF:34
LH:0
BRDA:51,0,0,0
BRDA:51,0,1,0
BRDA:61,1,0,0
BRDA:61,1,1,0
BRDA:65,2,0,0
BRDA:65,2,1,0
BRDA:98,3,0,0
BRDA:98,3,1,0
BRDA:114,4,0,0
BRDA:114,4,1,0
BRDA:123,5,0,0
BRDA:123,5,1,0
BRF:12
BRH:0
end_of_record
TN:
SF:/Users/nicolas.moreau/workspace/services/ui-boilerplate/src/exampleComponents/SearchForm.jsx
FN:28,(anonymous_0)
FNF:1
FNH:0
FNDA:0,(anonymous_0)
DA:42,0
DA:44,0
DA:48,0
DA:152,0
LF:4
LH:0
BRF:0
BRH:0
end_of_record
TN:
SF:/Users/nicolas.moreau/workspace/services/ui-boilerplate/src/examplePayloadData/examplePayload.jsx
FNF:0
FNH:0
DA:1,0
DA:108,0
DA:114,0
DA:120,0
DA:133,0
DA:138,0
DA:143,0
DA:148,0
DA:153,0
DA:158,0
DA:164,0
DA:170,0
LF:12
LH:0
BRF:0
BRH:0
end_of_record
TN:
SF:/Users/nicolas.moreau/workspace/services/ui-boilerplate/src/exampleViews/GeneralView.jsx
FN:47,(anonymous_0)
FN:60,(anonymous_1)
FN:185,(anonymous_2)
FN:221,(anonymous_3)
FN:244,(anonymous_4)
FN:280,(anonymous_5)
FN:303,(anonymous_6)
FN:339,(anonymous_7)
FNF:8
FNH:0
FNDA:0,(anonymous_0)
FNDA:0,(anonymous_1)
FNDA:0,(anonymous_2)
FNDA:0,(anonymous_3)
FNDA:0,(anonymous_4)
FNDA:0,(anonymous_5)
FNDA:0,(anonymous_6)
FNDA:0,(anonymous_7)
DA:41,0
DA:47,0
DA:48,0
DA:60,0
DA:185,0
DA:221,0
DA:244,0
DA:280,0
DA:303,0
DA:339,0
DA:363,0
LF:11
LH:0
BRF:0
BRH:0
end_of_record
TN:
SF:/Users/nicolas.moreau/workspace/services/ui-boilerplate/src/exampleViews/ListingView.jsx
FN:18,(anonymous_0)
FNF:1
FNH:0
FNDA:0,(anonymous_0)
DA:18,0
DA:19,0
DA:45,0
LF:3
LH:0
BRF:0
BRH:0
end_of_record
TN:
SF:/Users/nicolas.moreau/workspace/services/ui-boilerplate/src/exampleViews/TableView.jsx
FN:29,(anonymous_0)
FNF:1
FNH:0
FNDA:0,(anonymous_0)
DA:15,0
DA:29,0
DA:30,0
DA:226,0
LF:4
LH:0
BRF:0
BRH:0
end_of_record
TN:
SF:/Users/nicolas.moreau/workspace/services/ui-boilerplate/src/middleware/clientMiddleware.js
FN:6,clientMiddleware
FN:7,(anonymous_1)
FN:8,(anonymous_2)
FN:8,(anonymous_3)
FN:23,(anonymous_4)
FN:24,(anonymous_5)
FN:43,(anonymous_6)
FNF:7
FNH:5
FNDA:3,clientMiddleware
FNDA:5,(anonymous_1)
FNDA:5,(anonymous_2)
FNDA:1,(anonymous_3)
FNDA:0,(anonymous_4)
FNDA:1,(anonymous_5)
FNDA:0,(anonymous_6)
DA:7,3
DA:8,5
DA:9,1
DA:10,0
DA:13,1
DA:14,1
DA:15,0
DA:18,1
DA:19,1
DA:21,1
DA:23,0
DA:26,1
DA:29,0
DA:34,0
DA:40,1
DA:45,0
LF:16
LH:10
BRDA:9,0,0,0
BRDA:9,0,1,1
BRDA:14,1,0,0
BRDA:14,1,1,1
BRDA:26,2,0,0
BRDA:26,2,1,1
BRF:6
BRH:3
end_of_record
TN:
SF:/Users/nicolas.moreau/workspace/services/ui-boilerplate/src/routes/constants.js
FNF:0
FNH:0
DA:1,0
DA:2,0
DA:3,0
DA:4,0
LF:4
LH:0
BRF:0
BRH:0
end_of_record
TN:
SF:/Users/nicolas.moreau/workspace/services/ui-boilerplate/src/routes/index.js
FNF:0
FNH:0
DA:12,0
DA:20,0
DA:28,0
DA:36,0
DA:41,0
LF:5
LH:0
BRF:0
BRH:0
end_of_record
TN:
SF:/Users/nicolas.moreau/workspace/services/ui-boilerplate/src/routes/sidebar.js
FNF:0
FNH:0
LF:0
LH:0
BRF:0
BRH:0
end_of_record
TN:
SF:/Users/nicolas.moreau/workspace/services/ui-boilerplate/src/user/duck/actions.js
FN:23,(anonymous_0)
FN:30,(anonymous_1)
FN:37,(anonymous_2)
FN:40,(anonymous_3)
FNF:4
FNH:4
FNDA:1,(anonymous_0)
FNDA:1,(anonymous_1)
FNDA:1,(anonymous_2)
FNDA:1,(anonymous_3)
DA:23,3
DA:24,1
DA:30,3
DA:31,1
DA:37,3
DA:38,1
DA:40,1
LF:7
LH:7
BRF:0
BRH:0
end_of_record
TN:
SF:/Users/nicolas.moreau/workspace/services/ui-boilerplate/src/user/duck/index.js
FNF:0
FNH:0
LF:0
LH:0
BRF:0
BRH:0
end_of_record
TN:
SF:/Users/nicolas.moreau/workspace/services/ui-boilerplate/src/user/duck/operations.js
FN:10,(anonymous_0)
FN:10,(anonymous_1)
FN:11,(anonymous_2)
FN:27,(anonymous_3)
FN:28,(anonymous_4)
FN:28,(anonymous_5)
FNF:6
FNH:5
FNDA:2,(anonymous_0)
FNDA:2,(anonymous_1)
FNDA:2,(anonymous_2)
FNDA:1,(anonymous_3)
FNDA:1,(anonymous_4)
FNDA:0,(anonymous_5)
DA:7,3
DA:10,3
DA:11,2
DA:12,2
DA:19,0
DA:22,1
DA:24,2
DA:27,3
DA:28,1
LF:9
LH:8
BRDA:12,0,0,1
BRDA:12,0,1,1
BRF:2
BRH:2
end_of_record
TN:
SF:/Users/nicolas.moreau/workspace/services/ui-boilerplate/src/user/duck/reducers.js
FN:9,(anonymous_0)
FNF:1
FNH:1
FNDA:3,(anonymous_0)
DA:7,1
DA:9,1
DA:10,3
DA:12,0
DA:17,0
DA:22,0
DA:24,3
LF:7
LH:4
BRDA:9,0,0,3
BRDA:10,1,0,0
BRDA:10,1,1,0
BRDA:10,1,2,0
BRDA:10,1,3,3
BRF:5
BRH:2
end_of_record
TN:
SF:/Users/nicolas.moreau/workspace/services/ui-boilerplate/src/user/duck/types.js
FNF:0
FNH:0
DA:2,3
DA:3,3
DA:4,3
DA:6,3
DA:7,3
DA:8,3
DA:10,3
DA:11,3
DA:12,3
LF:9
LH:9
BRF:0
BRH:0
end_of_record
