TN:
SF:/Users/pablorincon/Documents/SSENSE/micro-services/ui-boilerplate/app/ConfigureStore.jsx
FN:4,_interopRequireDefault
FN:8,configureStore
FN:19,(anonymous_2)
FNF:3
FNH:0
FNDA:0,_interopRequireDefault
FNDA:0,configureStore
FNDA:0,(anonymous_2)
DA:1,0
DA:2,0
DA:3,0
DA:4,0
DA:6,0
DA:8,0
DA:9,0
DA:12,0
DA:19,0
LF:9
LH:0
BRDA:4,0,0,0
BRDA:4,0,1,0
BRDA:4,1,0,0
BRDA:4,1,1,0
BRDA:6,2,0,0
BRDA:6,2,1,0
BRDA:19,3,0,0
BRDA:19,3,1,0
BRF:8
BRH:0
end_of_record
TN:
SF:/Users/pablorincon/Documents/SSENSE/micro-services/ui-boilerplate/app/Helpers.jsx
FN:1,getApiUrl
FN:3,(anonymous_1)
FNF:2
FNH:0
FNDA:0,getApiUrl
FNDA:0,(anonymous_1)
DA:1,0
DA:2,0
DA:3,0
LF:3
LH:0
BRDA:3,0,0,0
BRDA:3,0,1,0
BRF:2
BRH:0
end_of_record
TN:
SF:/Users/pablorincon/Documents/SSENSE/micro-services/ui-boilerplate/app/Root.jsx
FN:11,_interopRequireDefault
FN:15,(anonymous_1)
FN:15,Root
FN:15,render
FN:22,(anonymous_4)
FNF:5
FNH:0
FNDA:0,_interopRequireDefault
FNDA:0,(anonymous_1)
FNDA:0,Root
FNDA:0,render
FNDA:0,(anonymous_4)
DA:1,0
DA:2,0
DA:3,0
DA:4,0
DA:5,0
DA:8,0
DA:11,0
DA:13,0
DA:15,0
DA:17,0
DA:22,0
LF:11
LH:0
BRDA:11,0,0,0
BRDA:11,0,1,0
BRDA:11,1,0,0
BRDA:11,1,1,0
BRDA:15,2,0,0
BRDA:15,2,1,0
BRDA:22,3,0,0
BRDA:22,3,1,0
BRF:8
BRH:0
end_of_record
TN:
SF:/Users/pablorincon/Documents/SSENSE/micro-services/ui-boilerplate/app/RootReducer.jsx
FN:3,_interopRequireDefault
FN:7,(anonymous_1)
FNF:2
FNH:0
FNDA:0,_interopRequireDefault
FNDA:0,(anonymous_1)
DA:1,0
DA:2,0
DA:3,0
DA:5,0
DA:7,0
LF:5
LH:0
BRDA:3,0,0,0
BRDA:3,0,1,0
BRDA:3,1,0,0
BRDA:3,1,1,0
BRDA:7,2,0,0
BRDA:7,2,1,0
BRF:6
BRH:0
end_of_record
TN:
SF:/Users/pablorincon/Documents/SSENSE/micro-services/ui-boilerplate/app/Routes.jsx
FN:4,_interopRequireDefault
FN:4,_interopRequireWildcard
FN:7,requireAuth
FN:12,authOnEnter
FN:16,authOnChange
FN:26,(anonymous_5)
FNF:6
FNH:0
FNDA:0,_interopRequireDefault
FNDA:0,_interopRequireWildcard
FNDA:0,requireAuth
FNDA:0,authOnEnter
FNDA:0,authOnChange
FNDA:0,(anonymous_5)
DA:1,0
DA:2,0
DA:3,0
DA:4,0
DA:7,0
DA:9,0
DA:12,0
DA:13,0
DA:16,0
DA:17,0
DA:21,0
DA:24,0
DA:26,0
LF:13
LH:0
BRDA:4,0,0,0
BRDA:4,0,1,0
BRDA:4,1,0,0
BRDA:4,1,1,0
BRDA:4,2,0,0
BRDA:4,2,1,0
BRDA:4,3,0,0
BRDA:4,3,1,0
BRDA:4,4,0,0
BRDA:4,4,1,0
BRDA:4,5,0,0
BRDA:4,5,1,0
BRDA:26,6,0,0
BRDA:26,6,1,0
BRF:14
BRH:0
end_of_record
TN:
SF:/Users/pablorincon/Documents/SSENSE/micro-services/ui-boilerplate/app/index.jsx
FN:5,_interopRequireWildcard
FN:5,_interopRequireDefault
FN:20,(anonymous_2)
FNF:3
FNH:0
FNDA:0,_interopRequireWildcard
FNDA:0,_interopRequireDefault
FNDA:0,(anonymous_2)
DA:1,0
DA:2,0
DA:3,0
DA:4,0
DA:5,0
DA:7,0
DA:16,0
DA:20,0
LF:8
LH:0
BRDA:5,0,0,0
BRDA:5,0,1,0
BRDA:5,1,0,0
BRDA:5,1,1,0
BRDA:5,2,0,0
BRDA:5,2,1,0
BRDA:5,3,0,0
BRDA:5,3,1,0
BRDA:5,4,0,0
BRDA:5,4,1,0
BRDA:5,5,0,0
BRDA:5,5,1,0
BRDA:20,6,0,0
BRDA:20,6,1,0
BRF:14
BRH:0
end_of_record
TN:
SF:/Users/pablorincon/Documents/SSENSE/micro-services/ui-boilerplate/app/components/App.jsx
FN:6,_interopRequireDefault
FN:10,(anonymous_1)
FN:12,App
FN:15,toggle
FN:24,(anonymous_4)
FN:28,render
FN:54,(anonymous_6)
FNF:7
FNH:0
FNDA:0,_interopRequireDefault
FNDA:0,(anonymous_1)
FNDA:0,App
FNDA:0,toggle
FNDA:0,(anonymous_4)
FNDA:0,render
FNDA:0,(anonymous_6)
DA:1,0
DA:2,0
DA:4,0
DA:5,0
DA:6,0
DA:8,0
DA:10,0
DA:12,0
DA:14,0
DA:15,0
DA:17,0
DA:18,0
DA:19,0
DA:20,0
DA:23,0
DA:24,0
DA:25,0
DA:31,0
DA:46,0
DA:50,0
DA:54,0
LF:21
LH:0
BRDA:6,0,0,0
BRDA:6,0,1,0
BRDA:6,1,0,0
BRDA:6,1,1,0
BRDA:12,2,0,0
BRDA:12,2,1,0
BRDA:23,3,0,0
BRDA:23,3,1,0
BRDA:54,4,0,0
BRDA:54,4,1,0
BRF:10
BRH:0
end_of_record
TN:
SF:/Users/pablorincon/Documents/SSENSE/micro-services/ui-boilerplate/app/components/Board.jsx
FN:5,(anonymous_0)
FNF:1
FNH:1
FNDA:2,(anonymous_0)
DA:6,2
DA:7,2
DA:8,1
DA:15,1
DA:17,2
DA:26,1
DA:36,1
LF:7
LH:7
BRDA:7,0,0,1
BRDA:7,0,1,1
BRF:2
BRH:2
end_of_record
TN:
SF:/Users/pablorincon/Documents/SSENSE/micro-services/ui-boilerplate/app/components/LinkedButton.jsx
FN:7,(anonymous_0)
FN:11,(anonymous_1)
FNF:2
FNH:2
FNDA:1,(anonymous_0)
FNDA:1,(anonymous_1)
DA:8,1
DA:12,1
DA:18,1
LF:3
LH:3
BRF:0
BRH:0
end_of_record
TN:
SF:/Users/pablorincon/Documents/SSENSE/micro-services/ui-boilerplate/app/components/common/HeaderContent.jsx
FN:5,(anonymous_0)
FNF:1
FNH:0
FNDA:0,(anonymous_0)
DA:6,0
LF:1
LH:0
BRF:0
BRH:0
end_of_record
TN:
SF:/Users/pablorincon/Documents/SSENSE/micro-services/ui-boilerplate/app/components/common/Logo.jsx
FN:4,(anonymous_0)
FNF:1
FNH:1
FNDA:1,(anonymous_0)
DA:5,1
LF:1
LH:1
BRF:0
BRH:0
end_of_record
TN:
SF:/Users/pablorincon/Documents/SSENSE/micro-services/ui-boilerplate/app/components/common/NavigationMain.jsx
FN:5,_interopRequireDefault
FN:7,(anonymous_1)
FN:8,NavigationMain
FN:13,handleClick
FN:17,render
FN:66,(anonymous_5)
FNF:6
FNH:0
FNDA:0,_interopRequireDefault
FNDA:0,(anonymous_1)
FNDA:0,NavigationMain
FNDA:0,handleClick
FNDA:0,render
FNDA:0,(anonymous_5)
DA:1,0
DA:2,0
DA:3,0
DA:5,0
DA:7,0
DA:8,0
DA:11,0
DA:12,0
DA:13,0
DA:16,0
DA:20,0
DA:62,0
DA:65,0
DA:66,0
LF:14
LH:0
BRDA:5,0,0,0
BRDA:5,0,1,0
BRDA:5,1,0,0
BRDA:5,1,1,0
BRDA:11,2,0,0
BRDA:11,2,1,0
BRDA:66,3,0,0
BRDA:66,3,1,0
BRF:8
BRH:0
end_of_record
TN:
SF:/Users/pablorincon/Documents/SSENSE/micro-services/ui-boilerplate/app/components/common/NavigationUser.jsx
FN:11,(anonymous_0)
FNF:1
FNH:0
FNDA:0,(anonymous_0)
DA:5,2
DA:11,2
LF:2
LH:2
BRF:0
BRH:0
end_of_record
TN:
SF:/Users/pablorincon/Documents/SSENSE/micro-services/ui-boilerplate/app/notifications/NotificationActions.js
FN:7,messages
FN:30,clearMessages
FNF:2
FNH:2
FNDA:4,messages
FNDA:1,clearMessages
DA:2,3
DA:3,3
DA:8,4
DA:9,4
DA:10,3
DA:11,3
DA:12,1
DA:13,1
DA:14,2
DA:15,1
DA:16,1
DA:18,1
DA:20,3
DA:22,1
DA:24,4
DA:31,1
LF:16
LH:16
BRDA:9,0,0,3
BRDA:9,0,1,1
BRDA:11,1,0,1
BRDA:11,1,1,2
BRDA:11,2,0,3
BRDA:11,2,1,2
BRDA:14,3,0,1
BRDA:14,3,1,1
BRDA:14,4,0,2
BRDA:14,4,1,1
BRF:10
BRH:10
end_of_record
TN:
SF:/Users/pablorincon/Documents/SSENSE/micro-services/ui-boilerplate/app/notifications/NotificationManager.jsx
FN:9,(anonymous_0)
FN:16,(anonymous_1)
FN:27,mapStateToProps
FN:33,mapDispatchToProps
FNF:4
FNH:4
FNDA:2,(anonymous_0)
FNDA:2,(anonymous_1)
FNDA:1,mapStateToProps
FNDA:1,mapDispatchToProps
DA:10,2
DA:11,1
DA:12,1
DA:17,2
DA:21,1
DA:28,1
DA:34,1
LF:7
LH:7
BRDA:10,0,0,1
BRDA:10,0,1,1
BRF:2
BRH:2
end_of_record
TN:
SF:/Users/pablorincon/Documents/SSENSE/micro-services/ui-boilerplate/app/notifications/NotificationReducer.js
FN:3,(anonymous_0)
FNF:1
FNH:1
FNDA:3,(anonymous_0)
DA:4,3
DA:6,1
DA:8,1
DA:10,1
LF:4
LH:4
BRDA:3,0,0,0
BRDA:4,1,0,1
BRDA:4,1,1,1
BRDA:4,1,2,1
BRF:4
BRH:3
end_of_record
TN:
SF:/Users/pablorincon/Documents/SSENSE/micro-services/ui-boilerplate/app/todo/CreateTodoDialog.jsx
FN:5,_interopRequireDefault
FN:7,(anonymous_1)
FN:8,CreateDialog
FN:11,handleTitleChange
FN:14,handleTextChange
FN:17,handleCompletedChange
FN:20,submitForm
FN:24,setInitialState
FN:31,render
FN:50,(anonymous_9)
FNF:10
FNH:0
FNDA:0,_interopRequireDefault
FNDA:0,(anonymous_1)
FNDA:0,CreateDialog
FNDA:0,handleTitleChange
FNDA:0,handleTextChange
FNDA:0,handleCompletedChange
FNDA:0,submitForm
FNDA:0,setInitialState
FNDA:0,render
FNDA:0,(anonymous_9)
DA:1,0
DA:2,0
DA:3,0
DA:4,0
DA:5,0
DA:7,0
DA:8,0
DA:10,0
DA:11,0
DA:13,0
DA:16,0
DA:19,0
DA:22,0
DA:23,0
DA:26,0
DA:34,0
DA:50,0
LF:17
LH:0
BRDA:5,0,0,0
BRDA:5,0,1,0
BRDA:5,1,0,0
BRDA:5,1,1,0
BRDA:8,2,0,0
BRDA:8,2,1,0
BRDA:50,3,0,0
BRDA:50,3,1,0
BRF:8
BRH:0
end_of_record
TN:
SF:/Users/pablorincon/Documents/SSENSE/micro-services/ui-boilerplate/app/todo/Todo.jsx
FN:2,_interopRequireDefault
FN:4,(anonymous_1)
FN:4,Todo
FN:4,render
FN:25,(anonymous_4)
FNF:5
FNH:0
FNDA:0,_interopRequireDefault
FNDA:0,(anonymous_1)
FNDA:0,Todo
FNDA:0,render
FNDA:0,(anonymous_4)
DA:1,0
DA:2,0
DA:4,0
DA:6,0
DA:7,0
DA:15,0
DA:19,0
DA:25,0
LF:8
LH:0
BRDA:2,0,0,0
BRDA:2,0,1,0
BRDA:2,1,0,0
BRDA:2,1,1,0
BRDA:4,2,0,0
BRDA:4,2,1,0
BRDA:6,3,0,0
BRDA:6,3,1,0
BRDA:25,4,0,0
BRDA:25,4,1,0
BRF:10
BRH:0
end_of_record
TN:
SF:/Users/pablorincon/Documents/SSENSE/micro-services/ui-boilerplate/app/todo/TodoActions.js
FN:19,createTodo
FN:19,updateTodo
FN:19,deleteTodo
FN:24,(anonymous_3)
FNF:4
FNH:0
FNDA:0,createTodo
FNDA:0,updateTodo
FNDA:0,deleteTodo
FNDA:0,(anonymous_3)
DA:1,0
DA:5,0
DA:12,0
DA:19,0
DA:20,0
DA:24,0
LF:6
LH:0
BRDA:24,0,0,0
BRDA:24,0,1,0
BRF:2
BRH:0
end_of_record
TN:
SF:/Users/pablorincon/Documents/SSENSE/micro-services/ui-boilerplate/app/todo/TodoContainer.jsx
FN:8,_interopRequireDefault
FN:10,(anonymous_1)
FN:12,TodoContainer
FN:20,updateDialogToggle
FN:27,createDialogToggle
FN:33,createTodo
FN:38,updateTodo
FN:43,deleteTodo
FN:49,render
FN:62,(anonymous_9)
FN:62,onClick
FN:78,mapStateToProps
FN:85,(anonymous_12)
FNF:13
FNH:0
FNDA:0,_interopRequireDefault
FNDA:0,(anonymous_1)
FNDA:0,TodoContainer
FNDA:0,updateDialogToggle
FNDA:0,createDialogToggle
FNDA:0,createTodo
FNDA:0,updateTodo
FNDA:0,deleteTodo
FNDA:0,render
FNDA:0,(anonymous_9)
FNDA:0,onClick
FNDA:0,mapStateToProps
FNDA:0,(anonymous_12)
DA:1,0
DA:2,0
DA:4,0
DA:5,0
DA:8,0
DA:10,0
DA:12,0
DA:15,0
DA:18,0
DA:20,0
DA:23,0
DA:30,0
DA:36,0
DA:37,0
DA:41,0
DA:42,0
DA:46,0
DA:47,0
DA:48,0
DA:51,0
DA:52,0
DA:53,0
DA:54,0
DA:55,0
DA:56,0
DA:62,0
DA:74,0
DA:79,0
DA:80,0
DA:85,0
LF:30
LH:0
BRDA:8,0,0,0
BRDA:8,0,1,0
BRDA:8,1,0,0
BRDA:8,1,1,0
BRDA:12,2,0,0
BRDA:12,2,1,0
BRDA:85,3,0,0
BRDA:85,3,1,0
BRF:8
BRH:0
end_of_record
TN:
SF:/Users/pablorincon/Documents/SSENSE/micro-services/ui-boilerplate/app/todo/TodoReducer.js
FN:1,_interopRequireDefault
FN:26,updateTodo
FN:38,fetchLatestId
FN:48,TodoReducer
FN:64,(anonymous_4)
FN:88,(anonymous_5)
FNF:6
FNH:0
FNDA:0,_interopRequireDefault
FNDA:0,updateTodo
FNDA:0,fetchLatestId
FNDA:0,TodoReducer
FNDA:0,(anonymous_4)
FNDA:0,(anonymous_5)
DA:1,0
DA:3,0
DA:26,0
DA:27,0
DA:28,0
DA:30,0
DA:38,0
DA:39,0
DA:45,0
DA:48,0
DA:49,0
DA:51,0
DA:63,0
DA:64,0
DA:67,0
DA:72,0
DA:78,0
DA:84,0
DA:88,0
LF:19
LH:0
BRDA:1,0,0,0
BRDA:1,0,1,0
BRDA:1,1,0,0
BRDA:1,1,1,0
BRDA:27,2,0,0
BRDA:27,2,1,0
BRDA:48,3,0,0
BRDA:48,3,1,0
BRDA:48,4,0,0
BRDA:48,4,1,0
BRDA:49,5,0,0
BRDA:49,5,1,0
BRDA:49,5,2,0
BRDA:49,5,3,0
BRDA:88,6,0,0
BRDA:88,6,1,0
BRF:16
BRH:0
end_of_record
TN:
SF:/Users/pablorincon/Documents/SSENSE/micro-services/ui-boilerplate/app/todo/UpdateTodoDialog.jsx
FN:5,_interopRequireDefault
FN:7,(anonymous_1)
FN:8,UpdateDialog
FN:11,componentWillReceiveProps
FN:21,handleTitleChange
FN:24,handleTextChange
FN:27,handleCompletedChange
FN:30,submitUpdate
FN:34,submitDelete
FN:37,setInitialState
FN:45,render
FN:64,(anonymous_11)
FNF:12
FNH:0
FNDA:0,_interopRequireDefault
FNDA:0,(anonymous_1)
FNDA:0,UpdateDialog
FNDA:0,componentWillReceiveProps
FNDA:0,handleTitleChange
FNDA:0,handleTextChange
FNDA:0,handleCompletedChange
FNDA:0,submitUpdate
FNDA:0,submitDelete
FNDA:0,setInitialState
FNDA:0,render
FNDA:0,(anonymous_11)
DA:1,0
DA:2,0
DA:3,0
DA:4,0
DA:5,0
DA:7,0
DA:8,0
DA:10,0
DA:11,0
DA:13,0
DA:14,0
DA:23,0
DA:26,0
DA:29,0
DA:32,0
DA:36,0
DA:39,0
DA:48,0
DA:64,0
LF:19
LH:0
BRDA:5,0,0,0
BRDA:5,0,1,0
BRDA:5,1,0,0
BRDA:5,1,1,0
BRDA:8,2,0,0
BRDA:8,2,1,0
BRDA:13,3,0,0
BRDA:13,3,1,0
BRDA:64,4,0,0
BRDA:64,4,1,0
BRF:10
BRH:0
end_of_record
